Línea 52: la clase Virtual_Martin_temporize.ChameleonBtn del control cmdAniadir no era una clase de control cargada.
Línea 90: la clase Virtual_Martin_temporize.ChameleonBtn del control cmdeliminarseleciona no era una clase de control cargada.
Línea 128: la clase Virtual_Martin_temporize.ChameleonBtn del control cmdEliminarTodo no era una clase de control cargada.
Línea 166: la clase Virtual_Martin_temporize.ChameleonBtn del control cmdAplicar no era una clase de control cargada.
Línea 204: la clase Virtual_Martin_temporize.ChameleonBtn del control cmdCancelar no era una clase de control cargada.
Línea 242: la clase Virtual_Martin_temporize.ChameleonBtn del control cmdCargarComentario no era una clase de control cargada.
Línea 58: el nombre de la propiedad _ExtentX de cmdAniadir no es válido.
Línea 59: el nombre de la propiedad _ExtentY de cmdAniadir no es válido.
Línea 60: el nombre de la propiedad BTYPE de cmdAniadir no es válido.
Línea 61: el nombre de la propiedad TX de cmdAniadir no es válido.
Línea 62: el nombre de la propiedad ENAB de cmdAniadir no es válido.
Línea 72: el nombre de la propiedad COLTYPE de cmdAniadir no es válido.
Línea 73: el nombre de la propiedad FOCUSR de cmdAniadir no es válido.
Línea 74: el nombre de la propiedad BCOL de cmdAniadir no es válido.
Línea 75: el nombre de la propiedad BCOLO de cmdAniadir no es válido.
Línea 76: el nombre de la propiedad FCOL de cmdAniadir no es válido.
Línea 77: el nombre de la propiedad FCOLO de cmdAniadir no es válido.
Línea 78: el nombre de la propiedad MCOL de cmdAniadir no es válido.
Línea 79: el nombre de la propiedad MPTR de cmdAniadir no es válido.
Línea 80: el nombre de la propiedad MICON de cmdAniadir no es válido.
Línea 81: el nombre de la propiedad UMCOL de cmdAniadir no es válido.
Línea 82: el nombre de la propiedad SOFT de cmdAniadir no es válido.
Línea 83: el nombre de la propiedad PICPOS de cmdAniadir no es válido.
Línea 84: el nombre de la propiedad NGREY de cmdAniadir no es válido.
Línea 85: el nombre de la propiedad FX de cmdAniadir no es válido.
Línea 86: el nombre de la propiedad HAND de cmdAniadir no es válido.
Línea 87: el nombre de la propiedad CHECK de cmdAniadir no es válido.
Línea 88: el nombre de la propiedad VALUE de cmdAniadir no es válido.
Línea 96: el nombre de la propiedad _ExtentX de cmdeliminarselecionado no es válido.
Línea 97: el nombre de la propiedad _ExtentY de cmdeliminarselecionado no es válido.
Línea 98: el nombre de la propiedad BTYPE de cmdeliminarselecionado no es válido.
Línea 99: el nombre de la propiedad TX de cmdeliminarselecionado no es válido.
Línea 100: el nombre de la propiedad ENAB de cmdeliminarselecionado no es válido.
Línea 110: el nombre de la propiedad COLTYPE de cmdeliminarselecionado no es válido.
Línea 111: el nombre de la propiedad FOCUSR de cmdeliminarselecionado no es válido.
Línea 112: el nombre de la propiedad BCOL de cmdeliminarselecionado no es válido.
Línea 113: el nombre de la propiedad BCOLO de cmdeliminarselecionado no es válido.
Línea 114: el nombre de la propiedad FCOL de cmdeliminarselecionado no es válido.
Línea 115: el nombre de la propiedad FCOLO de cmdeliminarselecionado no es válido.
Línea 116: el nombre de la propiedad MCOL de cmdeliminarselecionado no es válido.
Línea 117: el nombre de la propiedad MPTR de cmdeliminarselecionado no es válido.
Línea 118: el nombre de la propiedad MICON de cmdeliminarselecionado no es válido.
Línea 119: el nombre de la propiedad UMCOL de cmdeliminarselecionado no es válido.
Línea 120: el nombre de la propiedad SOFT de cmdeliminarselecionado no es válido.
Línea 121: el nombre de la propiedad PICPOS de cmdeliminarselecionado no es válido.
Línea 122: el nombre de la propiedad NGREY de cmdeliminarselecionado no es válido.
Línea 123: el nombre de la propiedad FX de cmdeliminarselecionado no es válido.
Línea 124: el nombre de la propiedad HAND de cmdeliminarselecionado no es válido.
Línea 125: el nombre de la propiedad CHECK de cmdeliminarselecionado no es válido.
Línea 126: el nombre de la propiedad VALUE de cmdeliminarselecionado no es válido.
Línea 134: el nombre de la propiedad _ExtentX de cmdEliminarTodo no es válido.
Línea 135: el nombre de la propiedad _ExtentY de cmdEliminarTodo no es válido.
Línea 136: el nombre de la propiedad BTYPE de cmdEliminarTodo no es válido.
Línea 137: el nombre de la propiedad TX de cmdEliminarTodo no es válido.
Línea 138: el nombre de la propiedad ENAB de cmdEliminarTodo no es válido.
Línea 148: el nombre de la propiedad COLTYPE de cmdEliminarTodo no es válido.
Línea 149: el nombre de la propiedad FOCUSR de cmdEliminarTodo no es válido.
Línea 150: el nombre de la propiedad BCOL de cmdEliminarTodo no es válido.
Línea 151: el nombre de la propiedad BCOLO de cmdEliminarTodo no es válido.
Línea 152: el nombre de la propiedad FCOL de cmdEliminarTodo no es válido.
Línea 153: el nombre de la propiedad FCOLO de cmdEliminarTodo no es válido.
Línea 154: el nombre de la propiedad MCOL de cmdEliminarTodo no es válido.
Línea 155: el nombre de la propiedad MPTR de cmdEliminarTodo no es válido.
Línea 156: el nombre de la propiedad MICON de cmdEliminarTodo no es válido.
Línea 157: el nombre de la propiedad UMCOL de cmdEliminarTodo no es válido.
Línea 158: el nombre de la propiedad SOFT de cmdEliminarTodo no es válido.
Línea 159: el nombre de la propiedad PICPOS de cmdEliminarTodo no es válido.
Línea 160: el nombre de la propiedad NGREY de cmdEliminarTodo no es válido.
Línea 161: el nombre de la propiedad FX de cmdEliminarTodo no es válido.
Línea 162: el nombre de la propiedad HAND de cmdEliminarTodo no es válido.
Línea 163: el nombre de la propiedad CHECK de cmdEliminarTodo no es válido.
Línea 164: el nombre de la propiedad VALUE de cmdEliminarTodo no es válido.
Línea 172: el nombre de la propiedad _ExtentX de cmdAplicar no es válido.
Línea 173: el nombre de la propiedad _ExtentY de cmdAplicar no es válido.
Línea 174: el nombre de la propiedad BTYPE de cmdAplicar no es válido.
Línea 175: el nombre de la propiedad TX de cmdAplicar no es válido.
Línea 176: el nombre de la propiedad ENAB de cmdAplicar no es válido.
Línea 186: el nombre de la propiedad COLTYPE de cmdAplicar no es válido.
Línea 187: el nombre de la propiedad FOCUSR de cmdAplicar no es válido.
Línea 188: el nombre de la propiedad BCOL de cmdAplicar no es válido.
Línea 189: el nombre de la propiedad BCOLO de cmdAplicar no es válido.
Línea 190: el nombre de la propiedad FCOL de cmdAplicar no es válido.
Línea 191: el nombre de la propiedad FCOLO de cmdAplicar no es válido.
Línea 192: el nombre de la propiedad MCOL de cmdAplicar no es válido.
Línea 193: el nombre de la propiedad MPTR de cmdAplicar no es válido.
Línea 194: el nombre de la propiedad MICON de cmdAplicar no es válido.
Línea 195: el nombre de la propiedad UMCOL de cmdAplicar no es válido.
Línea 196: el nombre de la propiedad SOFT de cmdAplicar no es válido.
Línea 197: el nombre de la propiedad PICPOS de cmdAplicar no es válido.
Línea 198: el nombre de la propiedad NGREY de cmdAplicar no es válido.
Línea 199: el nombre de la propiedad FX de cmdAplicar no es válido.
Línea 200: el nombre de la propiedad HAND de cmdAplicar no es válido.
Línea 201: el nombre de la propiedad CHECK de cmdAplicar no es válido.
Línea 202: el nombre de la propiedad VALUE de cmdAplicar no es válido.
Línea 210: el nombre de la propiedad _ExtentX de cmdCancelar no es válido.
Línea 211: el nombre de la propiedad _ExtentY de cmdCancelar no es válido.
Línea 212: el nombre de la propiedad BTYPE de cmdCancelar no es válido.
Línea 213: el nombre de la propiedad TX de cmdCancelar no es válido.
Línea 214: el nombre de la propiedad ENAB de cmdCancelar no es válido.
Línea 224: el nombre de la propiedad COLTYPE de cmdCancelar no es válido.
Línea 225: el nombre de la propiedad FOCUSR de cmdCancelar no es válido.
Línea 226: el nombre de la propiedad BCOL de cmdCancelar no es válido.
Línea 227: el nombre de la propiedad BCOLO de cmdCancelar no es válido.
Línea 228: el nombre de la propiedad FCOL de cmdCancelar no es válido.
Línea 229: el nombre de la propiedad FCOLO de cmdCancelar no es válido.
Línea 230: el nombre de la propiedad MCOL de cmdCancelar no es válido.
Línea 231: el nombre de la propiedad MPTR de cmdCancelar no es válido.
Línea 232: el nombre de la propiedad MICON de cmdCancelar no es válido.
Línea 233: el nombre de la propiedad UMCOL de cmdCancelar no es válido.
Línea 234: el nombre de la propiedad SOFT de cmdCancelar no es válido.
Línea 235: el nombre de la propiedad PICPOS de cmdCancelar no es válido.
Línea 236: el nombre de la propiedad NGREY de cmdCancelar no es válido.
Línea 237: el nombre de la propiedad FX de cmdCancelar no es válido.
Línea 238: el nombre de la propiedad HAND de cmdCancelar no es válido.
Línea 239: el nombre de la propiedad CHECK de cmdCancelar no es válido.
Línea 240: el nombre de la propiedad VALUE de cmdCancelar no es válido.
Línea 248: el nombre de la propiedad _ExtentX de cmdCargarComentarios no es válido.
Línea 249: el nombre de la propiedad _ExtentY de cmdCargarComentarios no es válido.
Línea 250: el nombre de la propiedad BTYPE de cmdCargarComentarios no es válido.
Línea 251: el nombre de la propiedad TX de cmdCargarComentarios no es válido.
Línea 252: el nombre de la propiedad ENAB de cmdCargarComentarios no es válido.
Línea 262: el nombre de la propiedad COLTYPE de cmdCargarComentarios no es válido.
Línea 263: el nombre de la propiedad FOCUSR de cmdCargarComentarios no es válido.
Línea 264: el nombre de la propiedad BCOL de cmdCargarComentarios no es válido.
Línea 265: el nombre de la propiedad BCOLO de cmdCargarComentarios no es válido.
Línea 266: el nombre de la propiedad FCOL de cmdCargarComentarios no es válido.
Línea 267: el nombre de la propiedad FCOLO de cmdCargarComentarios no es válido.
Línea 268: el nombre de la propiedad MCOL de cmdCargarComentarios no es válido.
Línea 269: el nombre de la propiedad MPTR de cmdCargarComentarios no es válido.
Línea 270: el nombre de la propiedad MICON de cmdCargarComentarios no es válido.
Línea 271: el nombre de la propiedad UMCOL de cmdCargarComentarios no es válido.
Línea 272: el nombre de la propiedad SOFT de cmdCargarComentarios no es válido.
Línea 273: el nombre de la propiedad PICPOS de cmdCargarComentarios no es válido.
Línea 274: el nombre de la propiedad NGREY de cmdCargarComentarios no es válido.
Línea 275: el nombre de la propiedad FX de cmdCargarComentarios no es válido.
Línea 276: el nombre de la propiedad HAND de cmdCargarComentarios no es válido.
Línea 277: el nombre de la propiedad CHECK de cmdCargarComentarios no es válido.
Línea 278: el nombre de la propiedad VALUE de cmdCargarComentarios no es válido.
