Línea 386: la clase HookMenu.XpMenu del control XpMenu12 no era una clase de control cargada.
Línea 389: el nombre de la propiedad _ExtentX de XpMenu12 no es válido.
Línea 390: el nombre de la propiedad _ExtentY de XpMenu12 no es válido.
Línea 391: el nombre de la propiedad BitmapSize de XpMenu12 no es válido.
Línea 392: el nombre de la propiedad BmpCount de XpMenu12 no es válido.
Línea 393: el nombre de la propiedad CheckBorderColor de XpMenu12 no es válido.
Línea 394: el nombre de la propiedad SelMenuBorder de XpMenu12 no es válido.
Línea 395: el nombre de la propiedad SelMenuBackColor de XpMenu12 no es válido.
Línea 396: el nombre de la propiedad SelMenuForeColor de XpMenu12 no es válido.
Línea 397: el nombre de la propiedad SelCheckBackColor de XpMenu12 no es válido.
Línea 398: el nombre de la propiedad MenuBorderColor de XpMenu12 no es válido.
Línea 399: el nombre de la propiedad SeparatorColor de XpMenu12 no es válido.
Línea 400: el nombre de la propiedad MenuBackColor de XpMenu12 no es válido.
Línea 401: el nombre de la propiedad MenuForeColor de XpMenu12 no es válido.
Línea 402: el nombre de la propiedad CheckBackColor de XpMenu12 no es válido.
Línea 403: el nombre de la propiedad CheckForeColor de XpMenu12 no es válido.
Línea 404: el nombre de la propiedad DisabledMenuBorderColor de XpMenu12 no es válido.
Línea 405: el nombre de la propiedad DisabledMenuBackColor de XpMenu12 no es válido.
Línea 406: el nombre de la propiedad DisabledMenuForeColor de XpMenu12 no es válido.
Línea 407: el nombre de la propiedad MenuBarBackColor de XpMenu12 no es válido.
Línea 408: el nombre de la propiedad MenuPopupBackColor de XpMenu12 no es válido.
Línea 409: el nombre de la propiedad ShortCutNormalColor de XpMenu12 no es válido.
Línea 410: el nombre de la propiedad ShortCutSelectColor de XpMenu12 no es válido.
Línea 411: el nombre de la propiedad ArrowNormalColor de XpMenu12 no es válido.
Línea 412: el nombre de la propiedad ArrowSelectColor de XpMenu12 no es válido.
Línea 413: el nombre de la propiedad ShadowColor de XpMenu12 no es válido.
Línea 414: el nombre de la propiedad Bmp:1 de XpMenu12 no es válido.
Línea 415: el nombre de la propiedad Key:1 de XpMenu12 no es válido.
Línea 416: el nombre de la propiedad Bmp:2 de XpMenu12 no es válido.
Línea 417: el nombre de la propiedad Key:2 de XpMenu12 no es válido.
Línea 418: el nombre de la propiedad Bmp:3 de XpMenu12 no es válido.
Línea 419: el nombre de la propiedad Key:3 de XpMenu12 no es válido.
Línea 420: el nombre de la propiedad Bmp:4 de XpMenu12 no es válido.
Línea 421: el nombre de la propiedad Key:4 de XpMenu12 no es válido.
Línea 422: el nombre de la propiedad Bmp:5 de XpMenu12 no es válido.
Línea 423: el nombre de la propiedad Key:5 de XpMenu12 no es válido.
Línea 424: el nombre de la propiedad Bmp:6 de XpMenu12 no es válido.
Línea 425: el nombre de la propiedad Key:6 de XpMenu12 no es válido.
Línea 426: el nombre de la propiedad Bmp:7 de XpMenu12 no es válido.
Línea 427: el nombre de la propiedad Key:7 de XpMenu12 no es válido.
Línea 428: el nombre de la propiedad Bmp:8 de XpMenu12 no es válido.
Línea 429: el nombre de la propiedad Key:8 de XpMenu12 no es válido.
Línea 430: el nombre de la propiedad Bmp:9 de XpMenu12 no es válido.
Línea 431: el nombre de la propiedad Key:9 de XpMenu12 no es válido.
Línea 432: el nombre de la propiedad Bmp:10 de XpMenu12 no es válido.
Línea 433: el nombre de la propiedad Key:10 de XpMenu12 no es válido.
Línea 434: el nombre de la propiedad Bmp:11 de XpMenu12 no es válido.
Línea 435: el nombre de la propiedad Key:11 de XpMenu12 no es válido.
Línea 436: el nombre de la propiedad Bmp:12 de XpMenu12 no es válido.
Línea 437: el nombre de la propiedad Key:12 de XpMenu12 no es válido.
Línea 438: el nombre de la propiedad Bmp:13 de XpMenu12 no es válido.
Línea 439: el nombre de la propiedad Key:13 de XpMenu12 no es válido.
Línea 440: el nombre de la propiedad Bmp:14 de XpMenu12 no es válido.
Línea 441: el nombre de la propiedad Key:14 de XpMenu12 no es válido.
Línea 442: el nombre de la propiedad Bmp:15 de XpMenu12 no es válido.
Línea 443: el nombre de la propiedad Key:15 de XpMenu12 no es válido.
Línea 444: el nombre de la propiedad Bmp:16 de XpMenu12 no es válido.
Línea 445: el nombre de la propiedad Key:16 de XpMenu12 no es válido.
Línea 446: el nombre de la propiedad Bmp:17 de XpMenu12 no es válido.
Línea 447: el nombre de la propiedad Key:17 de XpMenu12 no es válido.
Línea 448: el nombre de la propiedad Bmp:18 de XpMenu12 no es válido.
Línea 449: el nombre de la propiedad Key:18 de XpMenu12 no es válido.
Línea 450: el nombre de la propiedad Bmp:19 de XpMenu12 no es válido.
Línea 451: el nombre de la propiedad Key:19 de XpMenu12 no es válido.
Línea 452: el nombre de la propiedad Bmp:20 de XpMenu12 no es válido.
Línea 453: el nombre de la propiedad Key:20 de XpMenu12 no es válido.
Línea 454: el nombre de la propiedad Bmp:21 de XpMenu12 no es válido.
Línea 455: el nombre de la propiedad Key:21 de XpMenu12 no es válido.
Línea 456: el nombre de la propiedad Bmp:22 de XpMenu12 no es válido.
Línea 457: el nombre de la propiedad Key:22 de XpMenu12 no es válido.
Línea 458: el nombre de la propiedad Bmp:23 de XpMenu12 no es válido.
Línea 459: el nombre de la propiedad Key:23 de XpMenu12 no es válido.
Línea 460: el nombre de la propiedad Bmp:24 de XpMenu12 no es válido.
Línea 461: el nombre de la propiedad Key:24 de XpMenu12 no es válido.
Línea 462: el nombre de la propiedad Bmp:25 de XpMenu12 no es válido.
Línea 463: el nombre de la propiedad Key:25 de XpMenu12 no es válido.
Línea 464: el nombre de la propiedad Bmp:26 de XpMenu12 no es válido.
Línea 465: el nombre de la propiedad Key:26 de XpMenu12 no es válido.
Línea 466: el nombre de la propiedad Bmp:27 de XpMenu12 no es válido.
Línea 467: el nombre de la propiedad Key:27 de XpMenu12 no es válido.
Línea 468: el nombre de la propiedad Bmp:28 de XpMenu12 no es válido.
Línea 469: el nombre de la propiedad Key:28 de XpMenu12 no es válido.
Línea 470: el nombre de la propiedad Bmp:29 de XpMenu12 no es válido.
Línea 471: el nombre de la propiedad Key:29 de XpMenu12 no es válido.
Línea 472: el nombre de la propiedad Bmp:30 de XpMenu12 no es válido.
Línea 473: el nombre de la propiedad Key:30 de XpMenu12 no es válido.
Línea 474: el nombre de la propiedad Bmp:31 de XpMenu12 no es válido.
Línea 475: el nombre de la propiedad Key:31 de XpMenu12 no es válido.
Línea 476: el nombre de la propiedad Bmp:32 de XpMenu12 no es válido.
Línea 477: el nombre de la propiedad Key:32 de XpMenu12 no es válido.
Línea 478: el nombre de la propiedad Bmp:33 de XpMenu12 no es válido.
Línea 479: el nombre de la propiedad Key:33 de XpMenu12 no es válido.
Línea 480: el nombre de la propiedad Bmp:34 de XpMenu12 no es válido.
Línea 481: el nombre de la propiedad Key:34 de XpMenu12 no es válido.
Línea 482: el nombre de la propiedad Bmp:35 de XpMenu12 no es válido.
Línea 483: el nombre de la propiedad Key:35 de XpMenu12 no es válido.
Línea 484: el nombre de la propiedad Bmp:36 de XpMenu12 no es válido.
Línea 485: el nombre de la propiedad Key:36 de XpMenu12 no es válido.
Línea 486: el nombre de la propiedad Bmp:37 de XpMenu12 no es válido.
Línea 487: el nombre de la propiedad Key:37 de XpMenu12 no es válido.
Línea 488: el nombre de la propiedad Bmp:38 de XpMenu12 no es válido.
Línea 489: el nombre de la propiedad Key:38 de XpMenu12 no es válido.
Línea 490: el nombre de la propiedad Bmp:39 de XpMenu12 no es válido.
Línea 491: el nombre de la propiedad Key:39 de XpMenu12 no es válido.
Línea 492: el nombre de la propiedad Bmp:40 de XpMenu12 no es válido.
Línea 493: el nombre de la propiedad Key:40 de XpMenu12 no es válido.
Línea 494: el nombre de la propiedad Bmp:41 de XpMenu12 no es válido.
Línea 495: el nombre de la propiedad Key:41 de XpMenu12 no es válido.
